[[-2.0, -100.0, 0.0, 0.0, -1.0, -1.0]]
<function start at 0x7f314ba62668>
[[-2.0, -100.0, 0.0, 0.0, -1.0, -1.0]]
<function start at 0x7f314ba62668>
[[-2.0, -100.0, 0.0, 0.0, -1.0, -1.0]]
<function start at 0x7f314ba62668>
[[-2.0, -100.0, 0.0, 0.0, -1.0, -1.0]]
<function start at 0x7f314ba62668>
[[-2.0, -100.0, 0.0, 0.0, -1.0, -1.0]]
<function start at 0x7f314ba62668>
[[-2.0, -100.0, 0.0, 0.0, -1.0, -1.0]]
<function start at 0x7f314ba62668>
[[-2.0, -100.0, 0.0, 0.0, -1.0, -1.0]]
<function start at 0x7f314ba62668>
[[-2.0, -100.0, 0.0, 0.0, -1.0, -1.0]]
<function start at 0x7f314ba62668>
[[-2.0, -100.0, 0.0, 0.0, -1.0, -1.0]]
<function start at 0x7f314ba62668>
[[-2.0, -100.0, 0.0, 0.0, -1.0, -1.0]]
<function start at 0x7f314ba62668>
[[-2.0, -100.0, 0.0, 0.0, -1.0, -1.0]]
<function start at 0x7f314ba62668>
[[-2.0, -100.0, 0.0, 0.0, -1.0, -1.0]]
<function start at 0x7f314ba62668>
class:	-2.0
[[-2.0, -100.0, 0.0, 0.0, -1.0, -1.0]]
<function search_forward at 0x7f314ba62488>
class:	-2.0
[[-2.0, -100.0, 0.0, 0.0, -1.0, -1.0]]
<function search_forward at 0x7f314ba62488>
class:	-2.0
[[-2.0, -100.0, 0.0, 0.0, -1.0, -1.0]]
<function search_forward at 0x7f314ba62488>
class:	-2.0
[[-2.0, -100.0, 0.0, 0.0, -1.0, -1.0]]
<function search_forward at 0x7f314ba62488>
class:	-2.0
[[-2.0, -100.0, 0.0, 0.0, -1.0, -1.0]]
<function search_forward at 0x7f314ba62488>
class:	-2.0
[[-2.0, -100.0, 0.0, 0.0, -1.0, -1.0]]
<function search_forward at 0x7f314ba62488>
class:	-2.0
[[-2.0, -100.0, 0.0, 0.0, -1.0, -1.0]]
<function search_forward at 0x7f314ba62488>
class:	-2.0
[[-2.0, -100.0, 0.0, 0.0, -1.0, -1.0]]
<function search_forward at 0x7f314ba62488>
class:	-2.0
[[-2.0, -100.0, 0.0, 0.0, -1.0, -1.0]]
<function search_forward at 0x7f314ba62488>
class:	-2.0
[[-2.0, -100.0, 0.0, 0.0, -1.0, -1.0]]
<function search_forward at 0x7f314ba62488>
class:	-2.0
[[-2.0, -100.0, 0.0, 0.0, -1.0, -1.0]]
<function search_forward at 0x7f314ba62488>
class:	-2.0
[[-2.0, -100.0, 0.0, 0.0, -1.0, -1.0]]
<function search_forward at 0x7f314ba62488>
class:	-2.0
[[-2.0, -100.0, 0.0, 0.0, -1.0, -1.0]]
<function search_forward at 0x7f314ba62488>
class:	-2.0
[[-2.0, -100.0, 0.0, 0.0, -1.0, -1.0]]
<function search_forward at 0x7f314ba62488>
class:	-2.0
[[-2.0, -100.0, 0.0, 0.0, -1.0, -1.0]]
<function search_forward at 0x7f314ba62488>
class:	-2.0
[[2.0, 25.9765625, 0.4937500059604645, 0.14687499403953552, 0.7729166746139526, 0.48124998807907104]]
<function search_forward at 0x7f314ba62488>
class:	2.0
[[-2.0, -100.0, 0.0, 0.0, -1.0, -1.0]]
<function track at 0x7f314ba62320>
class:	-2.0
[[-2.0, -100.0, 0.0, 0.0, -1.0, -1.0]]
<function search_forward at 0x7f314ba62488>
class:	-2.0
[[-2.0, -100.0, 0.0, 0.0, -1.0, -1.0]]
<function search_forward at 0x7f314ba62488>
class:	-2.0
[[-2.0, -100.0, 0.0, 0.0, -1.0, -1.0]]
<function search_forward at 0x7f314ba62488>
class:	-2.0
[[-2.0, -100.0, 0.0, 0.0, -1.0, -1.0]]
<function search_forward at 0x7f314ba62488>
class:	-2.0
[[-2.0, -100.0, 0.0, 0.0, -1.0, -1.0]]
<function search_forward at 0x7f314ba62488>
class:	-2.0
[[-2.0, -100.0, 0.0, 0.0, -1.0, -1.0]]
<function search_forward at 0x7f314ba62488>
class:	-2.0
[[-2.0, -100.0, 0.0, 0.0, -1.0, -1.0]]
<function search_forward at 0x7f314ba62488>
class:	-2.0
[[-2.0, -100.0, 0.0, 0.0, -1.0, -1.0]]
<function search_forward at 0x7f314ba62488>
class:	-2.0
[[-2.0, -100.0, 0.0, 0.0, -1.0, -1.0]]
<function search_forward at 0x7f314ba62488>
class:	-2.0
[[-2.0, -100.0, 0.0, 0.0, -1.0, -1.0]]
<function search_forward at 0x7f314ba62488>
class:	-2.0
[[-2.0, -100.0, 0.0, 0.0, -1.0, -1.0]]
<function search_forward at 0x7f314ba62488>
class:	-2.0
[[-2.0, -100.0, 0.0, 0.0, -1.0, -1.0]]
<function search_forward at 0x7f314ba62488>
class:	-2.0
[[-2.0, -100.0, 0.0, 0.0, -1.0, -1.0]]
<function search_forward at 0x7f314ba62488>
class:	-2.0
[[-2.0, -100.0, 0.0, 0.0, -1.0, -1.0]]
<function search_forward at 0x7f314ba62488>
class:	-2.0
[[-2.0, -100.0, 0.0, 0.0, -1.0, -1.0]]
<function search_forward at 0x7f314ba62488>
class:	-2.0
[[-2.0, -100.0, 0.0, 0.0, -1.0, -1.0]]
<function search_forward at 0x7f314ba62488>
class:	-2.0
[[2.0, 37.6220703125, 0.3541666567325592, 0.09375, 0.6895833611488342, 0.4000000059604645]]
<function search_forward at 0x7f314ba62488>
class:	2.0
[[-2.0, -100.0, 0.0, 0.0, -1.0, -1.0]]
<function track at 0x7f314ba62320>
class:	-2.0
[[-2.0, -100.0, 0.0, 0.0, -1.0, -1.0]]
<function search_forward at 0x7f314ba62488>
class:	-2.0
[[-2.0, -100.0, 0.0, 0.0, -1.0, -1.0]]
<function search_forward at 0x7f314ba62488>
class:	-2.0
[[-2.0, -100.0, 0.0, 0.0, -1.0, -1.0]]
<function search_forward at 0x7f314ba62488>
class:	-2.0
[[-2.0, -100.0, 0.0, 0.0, -1.0, -1.0]]
<function search_forward at 0x7f314ba62488>
class:	-2.0
[[-2.0, -100.0, 0.0, 0.0, -1.0, -1.0]]
<function search_forward at 0x7f314ba62488>
class:	-2.0
[[-2.0, -100.0, 0.0, 0.0, -1.0, -1.0]]
<function search_forward at 0x7f314ba62488>
class:	-2.0
[[-2.0, -100.0, 0.0, 0.0, -1.0, -1.0]]
<function search_forward at 0x7f314ba62488>
class:	-2.0
[[-2.0, -100.0, 0.0, 0.0, -1.0, -1.0]]
<function search_forward at 0x7f314ba62488>
class:	-2.0
[[-2.0, -100.0, 0.0, 0.0, -1.0, -1.0]]
<function search_forward at 0x7f314ba62488>
class:	-2.0
[[-2.0, -100.0, 0.0, 0.0, -1.0, -1.0]]
<function search_forward at 0x7f314ba62488>
class:	-2.0
[[-2.0, -100.0, 0.0, 0.0, -1.0, -1.0]]
<function search_forward at 0x7f314ba62488>
class:	-2.0
[[-2.0, -100.0, 0.0, 0.0, -1.0, -1.0]]
<function search_forward at 0x7f314ba62488>
class:	-2.0
[[-2.0, -100.0, 0.0, 0.0, -1.0, -1.0]]
<function search_forward at 0x7f314ba62488>
class:	-2.0
[[-2.0, -100.0, 0.0, 0.0, -1.0, -1.0]]
<function search_forward at 0x7f314ba62488>
class:	-2.0
[[-2.0, -100.0, 0.0, 0.0, -1.0, -1.0]]
<function search_forward at 0x7f314ba62488>
class:	-2.0
[[-2.0, -100.0, 0.0, 0.0, -1.0, -1.0]]
<function search_forward at 0x7f314ba62488>
class:	-2.0
[[-2.0, -100.0, 0.0, 0.0, -1.0, -1.0]]
<function search_forward at 0x7f314ba62488>
class:	-2.0
[[-2.0, -100.0, 0.0, 0.0, -1.0, -1.0]]
<function search_forward at 0x7f314ba62488>
class:	-2.0
[[-2.0, -100.0, 0.0, 0.0, -1.0, -1.0]]
<function search_forward at 0x7f314ba62488>
class:	-2.0
[[-2.0, -100.0, 0.0, 0.0, -1.0, -1.0]]
<function search_forward at 0x7f314ba62488>
class:	-2.0
[[-2.0, -100.0, 0.0, 0.0, -1.0, -1.0]]
<function search_forward at 0x7f314ba62488>
class:	-2.0
[[-2.0, -100.0, 0.0, 0.0, -1.0, -1.0]]
<function search_forward at 0x7f314ba62488>
class:	-2.0
[[-2.0, -100.0, 0.0, 0.0, -1.0, -1.0]]
<function search_forward at 0x7f314ba62488>
class:	-2.0
[[2.0, 29.8095703125, 0.3020833432674408, 0.05781250074505806, 0.6666666865348816, 0.4515624940395355]]
<function search_forward at 0x7f314ba62488>
class:	2.0
[[-2.0, -100.0, 0.0, 0.0, -1.0, -1.0]]
<function track at 0x7f314ba62320>
class:	-2.0
[[-2.0, -100.0, 0.0, 0.0, -1.0, -1.0]]
<function search_forward at 0x7f314ba62488>
class:	-2.0
[[-2.0, -100.0, 0.0, 0.0, -1.0, -1.0]]
<function search_forward at 0x7f314ba62488>
class:	-2.0
[[-2.0, -100.0, 0.0, 0.0, -1.0, -1.0]]
<function search_forward at 0x7f314ba62488>
class:	-2.0
[[-2.0, -100.0, 0.0, 0.0, -1.0, -1.0]]
<function search_forward at 0x7f314ba62488>
class:	-2.0
[[-2.0, -100.0, 0.0, 0.0, -1.0, -1.0]]
<function search_forward at 0x7f314ba62488>
class:	-2.0
[[-2.0, -100.0, 0.0, 0.0, -1.0, -1.0]]
<function search_forward at 0x7f314ba62488>
class:	-2.0
[[-2.0, -100.0, 0.0, 0.0, -1.0, -1.0]]
<function search_forward at 0x7f314ba62488>
class:	-2.0
[[-2.0, -100.0, 0.0, 0.0, -1.0, -1.0]]
<function search_forward at 0x7f314ba62488>
class:	-2.0
[[2.0, 41.064453125, 0.34166666865348816, 0.08749999850988388, 0.7041666507720947, 0.40937501192092896]]
<function search_forward at 0x7f314ba62488>
class:	2.0
[[-2.0, -100.0, 0.0, 0.0, -1.0, -1.0]]
<function track at 0x7f314ba62320>
class:	-2.0
[[-2.0, -100.0, 0.0, 0.0, -1.0, -1.0]]
<function search_forward at 0x7f314ba62488>
class:	-2.0
[[-2.0, -100.0, 0.0, 0.0, -1.0, -1.0]]
<function search_forward at 0x7f314ba62488>
class:	-2.0
[[-2.0, -100.0, 0.0, 0.0, -1.0, -1.0]]
<function search_forward at 0x7f314ba62488>
class:	-2.0
[[-2.0, -100.0, 0.0, 0.0, -1.0, -1.0]]
<function search_forward at 0x7f314ba62488>
class:	-2.0
[[2.0, 48.9501953125, 0.41874998807907104, 0.09375, 0.7[ERROR] [1533248723.791949]: bad callback: <function bbox_callback at 0x7f314ba626e0>
Traceback (most recent call last):
  File "/opt/ros/kinetic/lib/python2.7/dist-packages/rospy/topics.py", line 750, in _invoke_callback
    cb(msg)
  File "execute.py", line 306, in bbox_callback
    boxes[i][0] -= 1 #compensate for network weirdness
IndexError: list index out of range

[ERROR] [1533248726.492435]: bad callback: <function bbox_callback at 0x7f314ba626e0>
Traceback (most recent call last):
  File "/opt/ros/kinetic/lib/python2.7/dist-packages/rospy/topics.py", line 750, in _invoke_callback
    cb(msg)
  File "execute.py", line 306, in bbox_callback
    boxes[i][0] -= 1 #compensate for network weirdness
IndexError: list index out of range

[ERROR] [1533248726.732631]: bad callback: <function bbox_callback at 0x7f314ba626e0>
Traceback (most recent call last):
  File "/opt/ros/kinetic/lib/python2.7/dist-packages/rospy/topics.py", line 750, in _invoke_callback
    cb(msg)
  File "execute.py", line 306, in bbox_callback
    boxes[i][0] -= 1 #compensate for network weirdness
IndexError: list index out of range

[ERROR] [1533248726.976328]: bad callback: <function bbox_callback at 0x7f314ba626e0>
Traceback (most recent call last):
  File "/opt/ros/kinetic/lib/python2.7/dist-packages/rospy/topics.py", line 750, in _invoke_callback
    cb(msg)
  File "execute.py", line 306, in bbox_callback
    boxes[i][0] -= 1 #compensate for network weirdness
IndexError: list index out of range

[ERROR] [1533248727.090668]: bad callback: <function bbox_callback at 0x7f314ba626e0>
Traceback (most recent call last):
  File "/opt/ros/kinetic/lib/python2.7/dist-packages/rospy/topics.py", line 750, in _invoke_callback
    cb(msg)
  File "execute.py", line 306, in bbox_callback
    boxes[i][0] -= 1 #compensate for network weirdness
IndexError: list index out of range

791666388511658, 0.3734374940395355]]
<function search_forward at 0x7f314ba62488>
class:	2.0
[[-2.0, -100.0, 0.0, 0.0, -1.0, -1.0]]
<function track at 0x7f314ba62320>
class:	-2.0
[[-2.0, -100.0, 0.0, 0.0, -1.0, -1.0]]
<function search_forward at 0x7f314ba62488>
class:	-2.0
[[2.0, 71.337890625, 0.4229166805744171, 0.10625000298023224, 0.8104166388511658, 0.4078125059604645]]
<function search_forward at 0x7f314ba62488>
class:	2.0
[[2.0, 50.146484375, 0.4333333373069763, 0.10000000149011612, 0.8145833611488342, 0.4234375059604645]]
<function track at 0x7f314ba62320>
class:	2.0
[[-2.0, -100.0, 0.0, 0.0, -1.0, -1.0]]
<function track at 0x7f314ba62320>
class:	-2.0
[[2.0, 42.28515625, 0.4541666805744171, 0.09687499701976776, 0.8270833492279053, 0.4156250059604645]]
<function track at 0x7f314ba62320>
class:	2.0
[[2.0, 52.880859375, 0.45625001192092896, 0.10468749701976776, 0.856249988079071, 0.4203124940395355]]
<function track at 0x7f314ba62320>
class:	2.0
[[2.0, 71.826171875, 0.4541666805744171, 0.09531249850988388, 0.8666666746139526, 0.3734374940395355]]
<function track at 0x7f314ba62320>
class:	2.0
[[-2.0, -100.0, 0.0, 0.0, -1.0, -1.0]]
<function track at 0x7f314ba62320>
class:	-2.0
[[2.0, 68.65234375, 0.4520833194255829, 0.10000000149011612, 0.8645833134651184, 0.40937501192092896]]
<function track at 0x7f314ba62320>
class:	2.0
[[2.0, 46.826171875, 0.4520833194255829, 0.11249999701976776, 0.8604166507720947, 0.4140625]]
<function track at 0x7f314ba62320>
class:	2.0
[[-2.0, -100.0, 0.0, 0.0, -1.0, -1.0]]
<function track at 0x7f314ba62320>
class:	-2.0
[[-2.0, -100.0, 0.0, 0.0, -1.0, -1.0]]
<function track at 0x7f314ba62320>
class:	-2.0
[[-2.0, -100.0, 0.0, 0.0, -1.0, -1.0]]
<function track at 0x7f314ba62320>
class:	-2.0
[[2.0, 71.2890625, 0.4166666567325592, 0.19687500596046448, 0.8125, 0.504687488079071]]
<function track at 0x7f314ba62320>
class:	2.0
[[2.0, 48.095703125, 0.40833333134651184, 0.20937499403953552, 0.8187500238418579, 0.503125011920929]]
<function track at 0x7f314ba62320>
class:	2.0
[[2.0, 84.47265625, 0.40416666865348816, 0.234375, 0.8270833492279053, 0.546875]]
<function track at 0x7f314ba62320>
class:	2.0
[[2.0, 64.2578125, 0.4229166805744171, 0.25, 0.793749988079071, 0.5921875238418579]]
<function track at 0x7f314ba62320>
class:	2.0
[[2.0, 67.138671875, 0.42916667461395264, 0.2515625059604645, 0.8104166388511658, 0.5765625238418579]]
<function track at 0x7f314ba62320>
class:	2.0
[[2.0, 41.7724609375, 0.4166666567325592, 0.25468748807907104, 0.831250011920929, 0.543749988079071]]
<function track at 0x7f314ba62320>
class:	2.0
[[2.0, 54.296875, 0.42916667461395264, 0.265625, 0.862500011920929, 0.59375]]
<function track at 0x7f314ba62320>
class:	2.0
[[2.0, 79.833984375, 0.4437499940395355, 0.23906250298023224, 0.8729166388511658, 0.546875]]
<function track at 0x7f314ba62320>
class:	2.0
[[2.0, 53.90625, 0.44999998807907104, 0.22812500596046448, 0.8770833611488342, 0.535937488079071]]
<function track at 0x7f314ba62320>
class:	2.0
[[2.0, 81.8359375, 0.4479166567325592, 0.22499999403953552, 0.8854166865348816, 0.5453125238418579]]
<function track at 0x7f314ba62320>
class:	2.0
[[2.0, 95.5078125, 0.4520833194255829, 0.22968749701976776, 0.9041666388511658, 0.559374988079071]]
<function track at 0x7f314ba62320>
class:	2.0
[[2.0, 86.9140625, 0.4583333432674408, 0.20781250298023224, 0.8979166746139526, 0.4984374940395355]]
<function track at 0x7f314ba62320>
class:	2.0
[[2.0, 86.865234375, 0.4645833373069763, 0.22187499701976776, 0.90625, 0.53125]]
<function track at 0x7f314ba62320>
class:	2.0
[[2.0, 41.6748046875, 0.46875, 0.203125, 0.9125000238418579, 0.526562511920929]]
<function track at 0x7f314ba62320>
class:	2.0
[[2.0, 93.701171875, 0.4645833373069763, 0.21250000596046448, 0.9125000238418579, 0.5171874761581421]]
<function track at 0x7f314ba62320>
class:	2.0
[[2.0, 58.88671875, 0.4749999940395355, 0.22031250596046448, 0.9291666746139526, 0.559374988079071]]
<function track at 0x7f314ba62320>
class:	2.0
[[2.0, 97.265625, 0.4833333194255829, 0.2265625, 0.9520833492279053, 0.5390625]]
<function track at 0x7f314ba6232[ERROR] [1533248729.872409]: bad callback: <function bbox_callback at 0x7f314ba626e0>
Traceback (most recent call last):
  File "/opt/ros/kinetic/lib/python2.7/dist-packages/rospy/topics.py", line 750, in _invoke_callback
    cb(msg)
  File "execute.py", line 306, in bbox_callback
    boxes[i][0] -= 1 #compensate for network weirdness
IndexError: list index out of range

[ERROR] [1533248730.568881]: bad callback: <function bbox_callback at 0x7f314ba626e0>
Traceback (most recent call last):
  File "/opt/ros/kinetic/lib/python2.7/dist-packages/rospy/topics.py", line 750, in _invoke_callback
    cb(msg)
  File "execute.py", line 306, in bbox_callback
    boxes[i][0] -= 1 #compensate for network weirdness
IndexError: list index out of range

0>
class:	2.0
[[2.0, 90.52734375, 0.49791666865348816, 0.22187499701976776, 0.956250011920929, 0.5765625238418579]]
<function track at 0x7f314ba62320>
class:	2.0
[[2.0, 92.48046875, 0.49791666865348816, 0.21718749403953552, 0.956250011920929, 0.5296875238418579]]
<function track at 0x7f314ba62320>
class:	2.0
[[2.0, 89.74609375, 0.49791666865348816, 0.2265625, 0.9645833373069763, 0.5531250238418579]]
<function track at 0x7f314ba62320>
class:	2.0
[[2.0, 89.453125, 0.5, 0.22812500596046448, 0.96875, 0.59375]]
<function track at 0x7f314ba62320>
class:	2.0
[[2.0, 27.880859375, 0.512499988079071, 0.21250000596046448, 0.9604166746139526, 0.559374988079071]]
<function track at 0x7f314ba62320>
class:	2.0
[[2.0, 72.55859375, 0.512499988079071, 0.21406249701976776, 0.9791666865348816, 0.5796874761581421]]
<function track at 0x7f314ba62320>
class:	2.0
[[2.0, 88.525390625, 0.5208333134651184, 0.22187499701976776, 0.9729166626930237, 0.5687500238418579]]
<function track at 0x7f314ba62320>
class:	2.0
[[2.0, 73.4375, 0.5291666388511658, 0.19218750298023224, 0.9770833253860474, 0.559374988079071]]
<function track at 0x7f314ba62320>
class:	2.0
[[-2.0, -100.0, 0.0, 0.0, -1.0, -1.0]]
<function track at 0x7f314ba62320>
class:	-2.0
[[-2.0, -100.0, 0.0, 0.0, -1.0, -1.0]]
<function track at 0x7f314ba62320>
class:	-2.0
[[-2.0, -100.0, 0.0, 0.0, -1.0, -1.0]]
<function track at 0x7f314ba62320>
class:	-2.0
[[-2.0, -100.0, 0.0, 0.0, -1.0, -1.0]]
<function track at 0x7f314ba62320>
class:	-2.0
[[-2.0, -100.0, 0.0, 0.0, -1.0, -1.0]]
<function track at 0x7f314ba62320>
class:	-2.0
[[-2.0, -100.0, 0.0, 0.0, -1.0, -1.0]]
<function track at 0x7f314ba62320>
class:	-2.0
[[-2.0, -100.0, 0.0, 0.0, -1.0, -1.0]]
<function track at 0x7f314ba62320>
class:	-2.0
[[-2.0, -100.0, 0.0, 0.0, -1.0, -1.0]]
<function track at 0x7f314ba62320>
class:	-2.0
[[2.0, 67.919921875, 0.4625000059604645, 0.14687499403953552, 0.981249988079071, 0.921875]]
<function track at 0x7f314ba62320>
class:	2.0
[[2.0, 31.591796875, 0.5270833373069763, 0.171875, 0.9583333134651184, 0.535937488079071]]
<function track at 0x7f314ba62320>
class:	2.0
[[-2.0, -100.0, 0.0, 0.0, -1.0, -1.0]]
<function track at 0x7f314ba62320>
class:	-2.0
[[2.0, 45.9716796875, 0.5249999761581421, 0.15312500298023224, 0.9854166507720947, 0.6156250238418579]]
<function track at 0x7f314ba62320>
class:	2.0
[[2.0, 44.140625, 0.5375000238418579, 0.15156249701976776, 0.9437500238418579, 0.5953124761581421]]
<function track at 0x7f314ba62320>
class:	2.0
[[-2.0, -100.0, 0.0, 0.0, -1.0, -1.0]]
<function track at 0x7f314ba62320>
class:	-2.0
[[2.0, 54.6875, 0.543749988079071, 0.13437500596046448, 0.9895833134651184, 0.614062488079071]]
<function track at 0x7f314ba62320>
class:	2.0
[[2.0, 59.033203125, 0.44583332538604736, 0.140625, 0.987500011920929, 0.956250011920929]]
<function track at 0x7f314ba62320>
class:	2.0
[[2.0, 39.6728515625, 0.43541666865348816, 0.12031249701976776, 0.9854166507720947, 0.9390624761581421]]
<function track at 0x7f314ba62320>
class:	2.0
[[2.0, 53.662109375, 0.512499988079071, 0.16875000298023224, 0.9895833134651184, 0.645312488079071]]
<function track at 0x7f314ba62320>
class:	2.0
[[2.0, 53.564453125, 0.44999998807907104, 0.20468750596046448, 1.0, 0.807812511920929]]
<function track at 0x7f314ba62320>
class:	2.0
[[2.0, 87.841796875, 0.4416666626930237, 0.20000000298023224, 0.9958333373069763, 0.7203124761581421]]
<function track at 0x7f314ba62320>
class:	2.0
[[-2.0, -100.0, 0.0, 0.0, -1.0, -1.0]]
<function track at 0x7f314ba62320>
class:	-2.0
[[2.0, 96.58203125, 0.43541666865348816, 0.2109375, 0.987500011920929, 0.745312511920929]]
<function track at 0x7f314ba62320>
class:	2.0
[[2.0, 96.58203125, 0.4416666626930237, 0.20624999701976776, 0.981249988079071, 0.6468750238418579]]
<function track at 0x7f314ba62320>
class:	2.0
[[2.0, 93.017578125, 0.4333333373069763, 0.19687500596046448, 0.987500011920929, 0.6625000238418579]]
<function track at 0x7f314ba62320>
class:	2.0
[[2.0, 88.57421875, 0.41458332538604736, 0.20000000298023224, 0.9895833134651184, 0.848437488079071]]
<function track at 0x7f314ba62320>
class:	2.0
[[2.0, 93.505859375, 0.4479166567325592, 0.1796875, 0.9895833134651184, 0.6953125]]
<function track at 0x7f314ba62320>
class:	2.0
[[2.0, 73.095703125, 0.42916667461395264, 0.14374999701976776, 0.981249988079071, 0.8968750238418579]]
<function track at 0x7f314ba62320>
class:	2.0
[[2.0, 71.2890625, 0.48124998807907104, 0.1484375, 1.0, 0.762499988079071]]
<function track at 0x7f314ba62320>
class:	2.0
[[2.0, 72.216796875, 0.5229166746139526, 0.1328125, 0.987500011920929, 0.589062511920929]]
<function track at 0x7f314ba62320>
class:	2.0
[[2.0, 44.580078125, 0.543749988079071, 0.12031249701976776, 0.987500011920929, 0.6390625238418579]]
<function track at 0x7f314ba62320>
class:	2.0
[[2.0, 34.814453125, 0.5604166388511658, 0.109375, 0.9854166507720947, 0.6000000238418579]]
<function track at 0x7f314ba62320>
class:	2.0
[[2.0, 38.4765625, 0.5291666388511658, 0.07656250149011612, 1.0, 0.9468749761581421]]
<function track at 0x7f314ba62320>
class:	2.0
[[2.0, 46.6796875, 0.574999988079071, 0.06875000149011612, 0.9895833134651184, 0.9375]]
<function track at 0x7f314ba62320>
class:	2.0
[[2.0, 34.5703125, 0.5166666507720947, 0.078125, 0.9958333373069763, 0.9671875238418579]]
<function track at 0x7f314ba62320>
class:	2.0
[[2.0, 33.056640625, 0.6020833253860474, 0.078125, 0.9895833134651184, 0.903124988079071]]
<function track at 0x7f314ba62320>
class:	2.0
[[2.0, 29.248046875, 0.6000000238418579, 0.08124999701976776, 0.9937499761581421, 0.5859375]]
<function track at 0x7f314ba62320>
class:	2.0
[[2.0, 35.1806640625, 0.6020833253860474, 0.10781250149011612, 0.9937499761581421, 0.59375]]
<function track at 0x7f314ba62320>
class:	2.0
[[2.0, 87.451171875, 0.5874999761581421, 0.12031249701976776, 0.987500011920929, 0.59375]]
<function track at 0x7f314ba62320>
class:	2.0
[[2.0, 77.978515625, 0.5666666626930237, 0.13750000298023224, 0.9895833134651184, 0.625]]
<function track at 0x7f314ba62320>
class:	2.0
[[2.0, 68.212890625, 0.5520833134651184, 0.1484375, 0.9895833134651184, 0.653124988079071]]
<function track at 0x7f314ba62320>
class:	2.0
[[2.0, 73.4375, 0.5458333492279053, 0.15312500298023224, 0.9937499761581421, 0.676562488079071]]
<function track at 0x7f314ba62320>
class:	2.0
[[2.0, 81.005859375, 0.53125, 0.15781250596046448, 0.9937499761581421, 0.6499999761581421]]
<function track at 0x7f314ba62320>
class:	2.0
[[2.0, 87.3046875, 0.49791666865348816, 0.18281249701976776, 1.0, 0.7578125]]
<function track at 0x7f314ba62320>
class:	2.0
[[2.0, 85.693359375, 0.48750001192092896, 0.20781250298023224, 1.0, 0.7734375]]
<function track at 0x7f314ba62320>
class:	2.0
[[2.0, 93.359375, 0.4833333194255829, 0.2109375, 1.0, 0.807812511920929]]
<function track at 0x7f314ba62320>
class:	2.0
[[2.0, 93.26171875, 0.46666666865348816, 0.21562500298023224, 0.9916666746139526, 0.778124988079071]]
<function track at 0x7f314ba62320>
class:	2.0
[[2.0, 98.291015625, 0.4729166626930237, 0.22812500596046448, 1.0, 0.698437511920929]]
<function track at 0x7f314ba62320>
class:	2.0
[[2.0, 96.6796875, 0.46875, 0.234375, 1.0, 0.846875011920929]]
<function track at 0x7f314ba62320>
class:	2.0
[[2.0, 96.875, 0.4625000059604645, 0.2515625059604645, 1.0, 0.8999999761581421]]
<function track at 0x7f314ba62320>
class:	2.0
[[2.0, 90.0390625, 0.46666666865348816, 0.2421875, 1.0, 0.971875011920929]]
<function track at 0x7f314ba62320>
class:	2.0
[[2.0, 98.828125, 0.48124998807907104, 0.234375, 0.9958333373069763, 0.760937511920929]]
<function track at 0x7f314ba62320>
class:	2.0
[[2.0, 93.9453125, 0.4854166805744171, 0.2265625, 0.9979166388511658, 0.8359375]]
<function track at 0x7f314ba62320>
class:	2.0
[[2.0, 89.111328125, 0.49166667461395264, 0.20000000298023224, 0.9979166388511658, 0.75]]
<function track at 0x7f314ba62320>
class:	2.0
[[2.0, 85.888671875, 0.5083333253860474, 0.1953125, 0.9958333373069763, 0.7562500238418579]]
<function track at 0x7f314ba62320>
class:	2.0
[[2.0, 94.970703125, 0.574999988079071, 0.14687499403953552, 0.9916666746139526, 0.625]]
<function track at 0x7f314ba62320>
class:	2.0
[[2.0, 64.990234375, 0.5895833373069763, 0.11093749850988388, 0.9916666746139526, 0.5953124761581421]]
<function track at 0x7f314ba62320>
class:	2.0
[[2.0, 84.912109375, 0.6229166388511658, 0.09062500298023224, 0.9937499761581421, 0.5625]]
<function track at 0x7f314ba62320>
class:	2.0
[[2.0, 55.615234375, 0.6270833611488342, 0.05312500149011612, 0.9958333373069763, 0.542187511920929]]
<function track at 0x7f314ba62320>
class:	2.0
[[2.0, 83.59375, 0.6583333611488342, 0.0703125, 0.9854166507720947, 0.526562511920929]]
<function track at 0x7f314ba62320>
class:	2.0
[[2.0, 90.52734375, 0.6729166507720947, 0.07500000298023224, 0.9895833134651184, 0.543749988079071]]
<function track at 0x7f314ba62320>
class:	2.0
[[2.0, 85.888671875, 0.675000011920929, 0.07343749701976776, 0.987500011920929, 0.5406249761581421]]
<function track at 0x7f314ba62320>
class:	2.0
[[2.0, 47.7294921875, 0.6499999761581421, 0.10625000298023224, 0.9854166507720947, 0.6328125]]
<function track at 0x7f314ba62320>
class:	2.0
[[2.0, 72.998046875, 0.6208333373069763, 0.18593749403953552, 0.9895833134651184, 0.6859375238418579]]
<function track at 0x7f314ba62320>
class:	2.0
[[2.0, 90.869140625, 0.5833333134651184, 0.23749999701976776, 0.9937499761581421, 0.7171875238418579]]
<function track at 0x7f314ba62320>
class:	2.0
[[2.0, 92.08984375, 0.5687500238418579, 0.28437501192092896, 0.9958333373069763, 0.8203125]]
<function track at 0x7f314ba62320>
class:	2.0
[[2.0, 94.921875, 0.543749988079071, 0.32343751192092896, 0.9979166388511658, 0.8359375]]
<function track at 0x7f314ba62320>
class:	2.0
[[2.0, 85.3515625, 0.5249999761581421, 0.328125, 0.9958333373069763, 0.8671875]]
<function track at 0x7f314ba62320>
class:	2.0
[[2.0, 94.140625, 0.5270833373069763, 0.32343751192092896, 0.9937499761581421, 0.854687511920929]]
<function track at 0x7f314ba62320>
class:	2.0
[[2.0, 98.4375, 0.5229166746139526, 0.32343751192092896, 0.9958333373069763, 0.848437488079071]]
<function track at 0x7f314ba62320>
class:	2.0
[[2.0, 98.095703125, 0.5270833373069763, 0.30937498807907104, 0.9958333373069763, 0.800000011920929]]
<function track at 0x7f314ba62320>
class:	2.0
[[2.0, 82.2265625, 0.5229166746139526, 0.28437501192092896, 1.0, 0.90625]]
<function track at 0x7f314ba62320>
class:	2.0
[[2.0, 96.875, 0.5375000238418579, 0.2874999940395355, 0.9916666746139526, 0.784375011920929]]
<function track at 0x7f314ba62320>
class:	2.0
[[2.0, 97.16796875, 0.543749988079071, 0.27031248807907104, 1.0, 0.7718750238418579]]
<function track at 0x7f314ba62320>
class:	2.0
[[2.0, 95.068359375, 0.5520833134651184, 0.265625, 0.9958333373069763, 0.784375011920929]]
<function track at 0x7f314ba62320>
class:	2.0
[[2.0, 86.767578125, 0.5604166388511658, 0.21250000596046448, 1.0, 0.7796875238418579]]
<function track at 0x7f314ba62320>
class:	2.0
[[2.0, 52.099609375, 0.5791666507720947, 0.20156249403953552, 0.9958333373069763, 0.778124988079071]]
<function track at 0x7f314ba62320>
class:	2.0
[[2.0, 69.43359375, 0.625, 0.171875, 1.0, 0.6781250238418579]]
<function track at 0x7f314ba62320>
class:	2.0
[[2.0, 61.81640625, 0.6541666388511658, 0.15000000596046448, 0.9958333373069763, 0.668749988079071]]
<function track at 0x7f314ba62320>
class:	2.0
[[2.0, 52.44140625, 0.6875, 0.14531250298023224, 0.9854166507720947, 0.645312488079071]]
<function track at 0x7f314ba62320>
class:	2.0
[[2.0, 85.3515625, 0.7124999761581421, 0.10468749701976776, 0.9937499761581421, 0.6578124761581421]]
<function track at 0x7f314ba62320>
class:	2.0
[[2.0, 79.98046875, 0.71875, 0.1015625, 0.9979166388511658, 0.65625]]
<function track at 0x7f314ba62320>
class:	2.0
[[2.0, 86.03515625, 0.7208333611488342, 0.10468749701976776, 1.0, 0.706250011920929]]
<function track at 0x7f314ba62320>
class:	2.0
[[2.0, 91.40625, 0.7229166626930237, 0.125, 1.0, 0.682812511920929]]
<function track at 0x7f314ba62320>
class:	2.0
[[2.0, 91.50390625, 0.7208333611488342, 0.15625, 0.9979166388511658, 0.7984374761581421]]
<function track at 0x7f314ba62320>
class:	2.0
[[2.0, 92.822265625, 0.7124999761581421, 0.18281249701976776, 1.0, 0.7984374761581421]]
<function track at 0x7f314ba62320>
class:	2.0
[[2.0, 96.875, 0.7166666388511658, 0.23749999701976776, 0.9937499761581421, 0.8046875]]
<function track at 0x7f314ba62320>
class:	2.0
[[2.0, 91.9921875, 0.7104166746139526, 0.2578125, 0.9958333373069763, 0.8500000238418579]]
<function track at 0x7f314ba62320>
class:	2.0
[[2.0, 83.30078125, 0.706250011920929, 0.27031248807907104, 0.9937499761581421, 0.864062488079071]]
<function track at 0x7f314ba62320>
class:	2.0
[[2.0, 77.978515625, 0.6916666626930237, 0.25468748807907104, 0.987500011920929, 0.8687499761581421]]
<function track at 0x7f314ba62320>
class:	2.0
[[2.0, 75.341796875, 0.6770833134651184, 0.2515625059604645, 1.0, 0.953125]]
<function track at 0x7f314ba62320>
class:	2.0
[[2.0, 82.2265625, 0.7124999761581421, 0.234375, 0.987500011920929, 0.8921874761581421]]
<function track at 0x7f314ba62320>
class:	2.0
[[2.0, 97.16796875, 0.7124999761581421, 0.2265625, 1.0, 0.8125]]
<function track at 0x7f314ba62320>
class:	2.0
[[2.0, 94.82421875, 0.7291666865348816, 0.203125, 0.9979166388511658, 0.840624988079071]]
<function track at 0x7f314ba62320>
class:	2.0
[[2.0, 99.0234375, 0.7541666626930237, 0.20468750596046448, 0.9916666746139526, 0.839062511920929]]
<function track at 0x7f314ba62320>
class:	2.0
[[2.0, 94.7265625, 0.7729166746139526, 0.1953125, 0.9979166388511658, 0.792187511920929]]
<function track at 0x7f314ba62320>
class:	2.0
[[2.0, 68.115234375, 0.7916666865348816, 0.19374999403953552, 1.0, 0.8203125]]
<function track at 0x7f314ba62320>
class:	2.0
[[2.0, 44.189453125, 0.8125, 0.19218750298023224, 1.0, 0.7984374761581421]]
<function track at 0x7f314ba62320>
class:	2.0
[[2.0, 62.5, 0.8333333134651184, 0.19843749701976776, 1.0, 0.824999988079071]]
<function track at 0x7f314ba62320>
class:	2.0
[[2.0, 51.85546875, 0.8604166507720947, 0.19374999403953552, 0.9937499761581421, 0.8265625238418579]]
<function track at 0x7f314ba62320>
class:	2.0
[[2.0, 30.078125, 0.8895833492279053, 0.140625, 0.9937499761581421, 0.8296874761581421]]
<function track at 0x7f314ba62320>
class:	2.0
[[-2.0, -100.0, 0.0, 0.0, -1.0, -1.0]]
<function track at 0x7f314ba62320>
class:	-2.0
[[-2.0, -100.0, 0.0, 0.0, -1.0, -1.0]]
<function track at 0x7f314ba62320>
class:	-2.0
[[-2.0, -100.0, 0.0, 0.0, -1.0, -1.0]]
<function track at 0x7f314ba62320>
class:	-2.0
[[-2.0, -100.0, 0.0, 0.0, -1.0, -1.0]]
<function track at 0x7f314ba62320>
class:	-2.0
[[-2.0, -100.0, 0.0, 0.0, -1.0, -1.0]]
<function track at 0x7f314ba62320>
class:	-2.0
[[-2.0, -100.0, 0.0, 0.0, -1.0, -1.0]]
<function track at 0x7f314ba62320>
class:	-2.0
[[-2.0, -100.0, 0.0, 0.0, -1.0, -1.0]]
<function track at 0x7f314ba62320>
class:	-2.0
[[-2.0, -100.0, 0.0, 0.0, -1.0, -1.0]]
<function track at 0x7f314ba62320>
class:	-2.0
[[-2.0, -100.0, 0.0, 0.0, -1.0, -1.0]]
<function track at 0x7f314ba62320>
class:	-2.0
[[-2.0, -100.0, 0.0, 0.0, -1.0, -1.0]]
<function track at 0x7f314ba62320>
class:	-2.0
[[-2.0, -100.0, 0.0, 0.0, -1.0, -1.0]]
<function search_forward at 0x7f314ba62488>
class:	-2.0
[[-2.0, -100.0, 0.0, 0.0, -1.0, -1.0]]
<function search_forward at 0x7f314ba62488>
class:	-2.0
[[-2.0, -100.0, 0.0, 0.0, -1.0, -1.0]]
<function search_forward at 0x7f314ba62488>
class:	-2.0
[[-2.0, -100.0, 0.0, 0.0, -1.0, -1.0]]
<function search_forward at 0x7f314ba62488>
class:	-2.0
[[-2.0, -100.0, 0.0, 0.0, -1.0, -1.0]]
<function search_forward at 0x7f314ba62488>
class:	-2.0
[[2.0, 28.369140625, 0.8999999761581421, 0.06093750149011612, 1.0, 0.8046875]]
<function search_forward at 0x7f314ba62488>
class:	2.0
[[-2.0, -100.0, 0.0, 0.0, -1.0, -1.0]]
<function track at 0x7f314ba62320>
class:	-2.0
[[-2.0, -100.0, 0.0, 0.0, -1.0, -1.0]]
<function search_forward at 0x7f314ba62488>
class:	-2.0
[[-2.0, -100.0, 0.0, 0.0, -1.0, -1.0]]
<function search_forward at 0x7f314ba62488>
class:	-2.0
[[-2.0, -100.0, 0.0, 0.0, -1.0, -1.0]]
<function search_forward at 0x7f314ba62488>
class:	-2.0
[[-2.0, -100.0, 0.0, 0.0, -1.0, -1.0]]
<function search_forward at 0x7f314ba62488>
class:	-2.0
[[-2.0, -100.0, 0.0, 0.0, -1.0, -1.0]]
<function search_forward at 0x7f314ba62488>
class:	-2.0
[[-2.0, -100.0, 0.0, 0.0, -1.0, -1.0]]
<function search_forward at 0x7f314ba62488>
class:	-2.0
[[-2.0, -100.0, 0.0, 0.0, -1.0, -1.0]]
<function search_forward at 0x7f314ba62488>
class:	-2.0
[[-2.0, -100.0, 0.0, 0.0, -1.0, -1.0]]
<function search_forward at 0x7f314ba62488>
class:	-2.0
[[-2.0, -100.0, 0.0, 0.0, -1.0, -1.0]]
<function search_forward at 0x7f314ba62488>
class:	-2.0
[[-2.0, -100.0, 0.0, 0.0, -1.0, -1.0]]
<function search_forward at 0x7f314ba62488>
class:	-2.0
[[-2.0, -100.0, 0.0, 0.0, -1.0, -1.0]]
<function search_forward at 0x7f314ba62488>
class:	-2.0
[[-2.0, -100.0, 0.0, 0.0, -1.0, -1.0]]
<function search_forward at 0x7f314ba62488>
class:	-2.0
[[-2.0, -100.0, 0.0, 0.0, -1.0, -1.0]]
<function search_forward at 0x7f314ba62488>
class:	-2.0
[[-2.0, -100.0, 0.0, 0.0, -1.0, -1.0]]
<function search_forward at 0x7f314ba62488>
class:	-2.0
[[-2.0, -100.0, 0.0, 0.0, -1.0, -1.0]]
<function search_forward at 0x7f314ba62488>
class:	-2.0
[[-2.0, -100.0, 0.0, 0.0, -1.0, -1.0]]
<function search_forward at 0x7f314ba62488>
class:	-2.0
[[-2.0, -100.0, 0.0, 0.0, -1.0, -1.0]]
<function search_forward at 0x7f314ba62488>
class:	-2.0
[[-2.0, -100.0, 0.0, 0.0, -1.0, -1.0]]
<function search_forward at 0x7f314ba62488>
class:	-2.0
[[-2.0, -100.0, 0.0, 0.0, -1.0, -1.0]]
<function search_forward at 0x7f314ba62488>
class:	-2.0
[[-2.0, -100.0, 0.0, 0.0, -1.0, -1.0]]
<function search_forward at 0x7f314ba62488>
class:	-2.0
[[-2.0, -100.0, 0.0, 0.0, -1.0, -1.0]]
<function search_forward at 0x7f314ba62488>
class:	-2.0
[[-2.0, -100.0, 0.0, 0.0, -1.0, -1.0]]
<function search_forward at 0x7f314ba62488>
class:	-2.0
[[-2.0, -100.0, 0.0, 0.0, -1.0, -1.0]]
<function search_forward at 0x7f314ba62488>
class:	-2.0
[[-2.0, -100.0, 0.0, 0.0, -1.0, -1.0]]
<function search_forward at 0x7f314ba62488>
class:	-2.0
[[-2.0, -100.0, 0.0, 0.0, -1.0, -1.0]]
<function search_forward at 0x7f314ba62488>
class:	-2.0
[[-2.0, -100.0, 0.0, 0.0, -1.0, -1.0]]
<function search_forward at 0x7f314ba62488>
class:	-2.0
[[-2.0, -100.0, 0.0, 0.0, -1.0, -1.0]]
<function search_forward at 0x7f314ba62488>
class:	-2.0
[[-2.0, -100.0, 0.0, 0.0, -1.0, -1.0]]
<function search_forward at 0x7f314ba62488>
class:	-2.0
[[-2.0, -100.0, 0.0, 0.0, -1.0, -1.0]]
<function search_forward at 0x7f314ba62488>
class:	-2.0
[[-2.0, -100.0, 0.0, 0.0, -1.0, -1.0]]
<function search_forward at 0x7f314ba62488>
class:	-2.0
[[-2.0, -100.0, 0.0, 0.0, -1.0, -1.0]]
<function search_forward at 0x7f314ba62488>
class:	-2.0
[[-2.0, -100.0, 0.0, 0.0, -1.0, -1.0]]
<function search_forward at 0x7f314ba62488>
class:	-2.0
[[-2.0, -100.0, 0.0, 0.0, -1.0, -1.0]]
<function search_left at 0x7f314ba62500>
class:	-2.0
[[-2.0, -100.0, 0.0, 0.0, -1.0, -1.0]]
<function search_left at 0x7f314ba62500>
class:	-2.0
[[-2.0, -100.0, 0.0, 0.0, -1.0, -1.0]]
<function search_left at 0x7f314ba62500>
class:	-2.0
[[-2.0, -100.0, 0.0, 0.0, -1.0, -1.0]]
<function search_left at 0x7f314ba62500>
class:	-2.0
[[-2.0, -100.0, 0.0, 0.0, -1.0, -1.0]]
<function search_left at 0x7f314ba62500>
class:	-2.0
[[-2.0, -100.0, 0.0, 0.0, -1.0, -1.0]]
<function search_left at 0x7f314ba62500>
class:	-2.0
[[-2.0, -100.0, 0.0, 0.0, -1.0, -1.0]]
<function search_left at 0x7f314ba62500>
class:	-2.0
[[-2.0, -100.0, 0.0, 0.0, -1.0, -1.0]]
<function search_left at 0x7f314ba62500>
class:	-2.0
[[-2.0, -100.0, 0.0, 0.0, -1.0, -1.0]]
<function search_left at 0x7f314ba62500>
class:	-2.0
[[-2.0, -100.0, 0.0, 0.0, -1.0, -1.0]]
<function search_left at 0x7f314ba62500>
class:	-2.0
[[-2.0, -100.0, 0.0, 0.0, -1.0, -1.0]]
<function search_right at 0x7f314ba62578>
class:	-2.0
[[-2.0, -100.0, 0.0, 0.0, -1.0, -1.0]]
<function search_right at 0x7f314ba62578>
class:	-2.0
[[-2.0, -100.0, 0.0, 0.0, -1.0, -1.0]]
<function search_right at 0x7f314ba62578>
class:	-2.0
[[-2.0, -100.0, 0.0, 0.0, -1.0, -1.0]]
<function search_right at 0x7f314ba62578>
class:	-2.0
[[-2.0, -100.0, 0.0, 0.0, -1.0, -1.0]]
<function search_right at 0x7f314ba62578>
class:	-2.0
[[-2.0, -100.0, 0.0, 0.0, -1.0, -1.0]]
<function search_right at 0x7f314ba62578>
class:	-2.0
[[-2.0, -100.0, 0.0, 0.0, -1.0, -1.0]]
<function search_right at 0x7f314ba62578>
class:	-2.0
[[-2.0, -100.0, 0.0, 0.0, -1.0, -1.0]]
<function search_right at 0x7f314ba62578>
class:	-2.0
[[-2.0, -100.0, 0.0, 0.0, -1.0, -1.0]]
<function search_right at 0x7f314ba62578>
class:	-2.0
[[-2.0, -100.0, 0.0, 0.0, -1.0, -1.0]]
<function search_right at 0x7f314ba62578>
class:	-2.0
[[-2.0, -100.0, 0.0, 0.0, -1.0, -1.0]]
<function search_right at 0x7f314ba62578>
class:	-2.0
[[-2.0, -100.0, 0.0, 0.0, -1.0, -1.0]]
<function search_right at 0x7f314ba62578>
class:	-2.0
[[-2.0, -100.0, 0.0, 0.0, -1.0, -1.0]]
<function search_right at 0x7f314ba62578>
class:	-2.0
[[-2.0, -100.0, 0.0, 0.0, -1.0, -1.0]]
<function search_right at 0x7f314ba62578>
class:	-2.0
[[-2.0, -100.0, 0.0, 0.0, -1.0, -1.0]]
<function search_right at 0x7f314ba62578>
class:	-2.0
[[-2.0, -100.0, 0.0, 0.0, -1.0, -1.0]]
<function search_right at 0x7f314ba62578>
class:	-2.0
[[-2.0, -100.0, 0.0, 0.0, -1.0, -1.0]]
<function search_right at 0x7f314ba62578>
class:	-2.0
[[-2.0, -100.0, 0.0, 0.0, -1.0, -1.0]]
<function search_right at 0x7f314ba62578>
class:	-2.0
[[-2.0, -100.0, 0.0, 0.0, -1.0, -1.0]]
<function search_right at 0x7f314ba62578>
class:	-2.0
[[-2.0, -100.0, 0.0, 0.0, -1.0, -1.0]]
<function search_right at 0x7f314ba62578>
class:	-2.0
[[-2.0, -100.0, 0.0, 0.0, -1.0, -1.0]]
<function search_right at 0x7f314ba62578>
class:	-2.0
[[-2.0, -100.0, 0.0, 0.0, -1.0, -1.0]]
<function search_right at 0x7f314ba62578>
class:	-2.0
[[-2.0, -100.0, 0.0, 0.0, -1.0, -1.0]]
<function search_right at 0x7f314ba62578>
class:	-2.0
[[-2.0, -100.0, 0.0, 0.0, -1.0, -1.0]]
<function search_right at 0x7f314ba62578>
class:	-2.0
[[-2.0, -100.0, 0.0, 0.0, -1.0, -1.0]]
<function search_recenter at 0x7f314ba625f0>
class:	-2.0
[[-2.0, -100.0, 0.0, 0.0, -1.0, -1.0]]
<function search_recenter at 0x7f314ba625f0>
class:	-2.0
[[-2.0, -100.0, 0.0, 0.0, -1.0, -1.0]]
<function search_recenter at 0x7f314ba625f0>
class:	-2.0
[[-2.0, -100.0, 0.0, 0.0, -1.0, -1.0]]
<function search_recenter at 0x7f314ba625f0>
class:	-2.0
[[-2.0, -100.0, 0.0, 0.0, -1.0, -1.0]]
<function search_recenter at 0x7f314ba625f0>
class:	-2.0
[[-2.0, -100.0, 0.0, 0.0, -1.0, -1.0]]
<function search_recenter at 0x7f314ba625f0>
class:	-2.0
[[-2.0, -100.0, 0.0, 0.0, -1.0, -1.0]]
<function search_recenter at 0x7f314ba625f0>
class:	-2.0
[[-2.0, -100.0, 0.0, 0.0, -1.0, -1.0]]
<function search_recenter at 0x7f314ba625f0>
class:	-2.0
[[-2.0, -100.0, 0.0, 0.0, -1.0, -1.0]]
<function search_recenter at 0x7f314ba625f0>
class:	-2.0
[[-2.0, -100.0, 0.0, 0.0, -1.0, -1.0]]
<function search_recenter at 0x7f314ba625f0>
class:	-2.0
[[-2.0, -100.0, 0.0, 0.0, -1.0, -1.0]]
<function search_recenter at 0x7f314ba625f0>
class:	-2.0
[[-2.0, -100.0, 0.0, 0.0, -1.0, -1.0]]
<function search_recenter at 0x7f314ba625f0>
class:	-2.0
[[-2.0, -100.0, 0.0, 0.0, -1.0, -1.0]]
<function search_recenter at 0x7f314ba625f0>
class:	-2.0
[[-2.0, -100.0, 0.0, 0.0, -1.0, -1.0]]
<function search_recenter at 0x7f314ba625f0>
class:	-2.0
[[-2.0, -100.0, 0.0, 0.0, -1.0, -1.0]]
<function search_recenter at 0x7f314ba625f0>
class:	-2.0
[[-2.0, -100.0, 0.0, 0.0, -1.0, -1.0]]
<function search_forward at 0x7f314ba62488>
class:	-2.0
[[-2.0, -100.0, 0.0, 0.0, -1.0, -1.0]]
<function search_forward at 0x7f314ba62488>
class:	-2.0
[[-2.0, -100.0, 0.0, 0.0, -1.0, -1.0]]
<function search_forward at 0x7f314ba62488>
class:	-2.0
[[-2.0, -100.0, 0.0, 0.0, -1.0, -1.0]]
<function search_forward at 0x7f314ba62488>
class:	-2.0
[[-2.0, -100.0, 0.0, 0.0, -1.0, -1.0]]
<function search_forward at 0x7f314ba62488>
class:	-2.0
[[-2.0, -100.0, 0.0, 0.0, -1.0, -1.0]]
<function search_forward at 0x7f314ba62488>
class:	-2.0
[[-2.0, -100.0, 0.0, 0.0, -1.0, -1.0]]
<function search_forward at 0x7f314ba62488>
class:	-2.0
[[-2.0, -100.0, 0.0, 0.0, -1.0, -1.0]]
<function search_forward at 0x7f314ba62488>
class:	-2.0
[[-2.0, -100.0, 0.0, 0.0, -1.0, -1.0]]
<function search_forward at 0x7f314ba62488>
class:	-2.0
[[-2.0, -100.0, 0.0, 0.0, -1.0, -1.0]]
<function search_forward at 0x7f314ba62488>
class:	-2.0
[[-2.0, -100.0, 0.0, 0.0, -1.0, -1.0]]
<function search_forward at 0x7f314ba62488>
class:	-2.0
[[-2.0, -100.0, 0.0, 0.0, -1.0, -1.0]]
<function search_forward at 0x7f314ba62488>
class:	-2.0
[[-2.0, -100.0, 0.0, 0.0, -1.0, -1.0]]
<function search_forward at 0x7f314ba62488>
class:	-2.0
[[-2.0, -100.0, 0.0, 0.0, -1.0, -1.0]]
<function search_forward at 0x7f314ba62488>
class:	-2.0
[[-2.0, -100.0, 0.0, 0.0, -1.0, -1.0]]
<function search_forward at 0x7f314ba62488>
class:	-2.0
[[-2.0, -100.0, 0.0, 0.0, -1.0, -1.0]]
<function search_forward at 0x7f314ba62488>
class:	-2.0
[[-2.0, -100.0, 0.0, 0.0, -1.0, -1.0]]
<function search_forward at 0x7f314ba62488>
class:	-2.0
[[-2.0, -100.0, 0.0, 0.0, -1.0, -1.0]]
<function search_forward at 0x7f314ba62488>
class:	-2.0
[[-2.0, -100.0, 0.0, 0.0, -1.0, -1.0]]
<function search_forward at 0x7f314ba62488>
class:	-2.0
[[-2.0, -100.0, 0.0, 0.0, -1.0, -1.0]]
<function search_forward at 0x7f314ba62488>
class:	-2.0
[[-2.0, -100.0, 0.0, 0.0, -1.0, -1.0]]
<function search_forward at 0x7f314ba62488>
class:	-2.0
[[-2.0, -100.0, 0.0, 0.0, -1.0, -1.0]]
<function search_forward at 0x7f314ba62488>
class:	-2.0
[[-2.0, -100.0, 0.0, 0.0, -1.0, -1.0]]
<function search_forward at 0x7f314ba62488>
class:	-2.0
[[-2.0, -100.0, 0.0, 0.0, -1.0, -1.0]]
<function search_forward at 0x7f314ba62488>
class:	-2.0
[[-2.0, -100.0, 0.0, 0.0, -1.0, -1.0]]
<function search_forward at 0x7f314ba62488>
class:	-2.0
[[-2.0, -100.0, 0.0, 0.0, -1.0, -1.0]]
<function search_forward at 0x7f314ba62488>
class:	-2.0
[[-2.0, -100.0, 0.0, 0.0, -1.0, -1.0]]
<function search_forward at 0x7f314ba62488>
class:	-2.0
[[-2.0, -100.0, 0.0, 0.0, -1.0, -1.0]]
<function search_forward at 0x7f314ba62488>
class:	-2.0
[[-2.0, -100.0, 0.0, 0.0, -1.0, -1.0]]
<function search_forward at 0x7f314ba62488>
class:	-2.0
[[-2.0, -100.0, 0.0, 0.0, -1.0, -1.0]]
<function search_forward at 0x7f314ba62488>
class:	-2.0
[[-2.0, -100.0, 0.0, 0.0, -1.0, -1.0]]
<function search_forward at 0x7f314ba62488>
class:	-2.0
[[-2.0, -100.0, 0.0, 0.0, -1.0, -1.0]]
<function search_forward at 0x7f314ba62488>
class:	-2.0
[[-2.0, -100.0, 0.0, 0.0, -1.0, -1.0]]
<function search_forward at 0x7f314ba62488>
class:	-2.0
[[-2.0, -100.0, 0.0, 0.0, -1.0, -1.0]]
<function search_left at 0x7f314ba62500>
class:	-2.0
[[-2.0, -100.0, 0.0, 0.0, -1.0, -1.0]]
<function search_left at 0x7f314ba62500>
class:	-2.0
[[-2.0, -100.0, 0.0, 0.0, -1.0, -1.0]]
<function search_left at 0x7f314ba62500>
class:	-2.0
[[-2.0, -100.0, 0.0, 0.0, -1.0, -1.0]]
<function search_left at 0x7f314ba62500>
class:	-2.0
[[-2.0, -100.0, 0.0, 0.0, -1.0, -1.0]]
<function search_left at 0x7f314ba62500>
class:	-2.0
[[-2.0, -100.0, 0.0, 0.0, -1.0, -1.0]]
<function search_left at 0x7f314ba62500>
class:	-2.0
[[-2.0, -100.0, 0.0, 0.0, -1.0, -1.0]]
<function search_left at 0x7f314ba62500>
class:	-2.0
[[-2.0, -100.0, 0.0, 0.0, -1.0, -1.0]]
<function search_left at 0x7f314ba62500>
class:	-2.0
[[-2.0, -100.0, 0.0, 0.0, -1.0, -1.0]]
<function search_left at 0x7f314ba62500>
class:	-2.0
[[-2.0, -100.0, 0.0, 0.0, -1.0, -1.0]]
<function search_left at 0x7f314ba62500>
class:	-2.0
[[-2.0, -100.0, 0.0, 0.0, -1.0, -1.0]]
<function search_right at 0x7f314ba62578>
class:	-2.0
[[-2.0, -100.0, 0.0, 0.0, -1.0, -1.0]]
<function search_right at 0x7f314ba62578>
class:	-2.0
[[-2.0, -100.0, 0.0, 0.0, -1.0, -1.0]]
<function search_right at 0x7f314ba62578>
class:	-2.0
[[-2.0, -100.0, 0.0, 0.0, -1.0, -1.0]]
<function search_right at 0x7f314ba62578>
class:	-2.0
[[-2.0, -100.0, 0.0, 0.0, -1.0, -1.0]]
<function search_right at 0x7f314ba62578>
class:	-2.0
[[-2.0, -100.0, 0.0, 0.0, -1.0, -1.0]]
<function search_right at 0x7f314ba62578>
class:	-2.0
[[-2.0, -100.0, 0.0, 0.0, -1.0, -1.0]]
<function search_right at 0x7f314ba62578>
class:	-2.0
[[-2.0, -100.0, 0.0, 0.0, -1.0, -1.0]]
<function search_right at 0x7f314ba62578>
class:	-2.0
[[-2.0, -100.0, 0.0, 0.0, -1.0, -1.0]]
<function search_right at 0x7f314ba62578>
class:	-2.0
[[-2.0, -100.0, 0.0, 0.0, -1.0, -1.0]]
<function search_right at 0x7f314ba62578>
class:	-2.0
[[-2.0, -100.0, 0.0, 0.0, -1.0, -1.0]]
<function search_right at 0x7f314ba62578>
class:	-2.0
[[-2.0, -100.0, 0.0, 0.0, -1.0, -1.0]]
<function search_right at 0x7f314ba62578>
class:	-2.0
[[-2.0, -100.0, 0.0, 0.0, -1.0, -1.0]]
<function search_right at 0x7